<?xml version="1.0" encoding="UTF-8"?>
<!-- Generated by org.testng.reporters.JUnitXMLReporter -->
<testsuite ignored="0" hostname="DESKTOP-2G50FIL" failures="1" tests="2" name="Default test" time="172.926" errors="0" timestamp="2024-03-26T11:00:43 IST">
  <testcase classname="io.cucumber.testng.AbstractTestNGCucumberTests" name="runScenario" time="149.144">
    <failure type="java.lang.AssertionError" message="expected [TestNg1 - Google Search] but found [TestNg - Google Search]">
      <![CDATA[java.lang.AssertionError: expected [TestNg1 - Google Search] but found [TestNg - Google Search]
at org.testng.Assert.fail(Assert.java:111)
at org.testng.Assert.failNotEquals(Assert.java:1578)
at org.testng.Assert.assertEqualsImpl(Assert.java:150)
at org.testng.Assert.assertEquals(Assert.java:132)
at org.testng.Assert.assertEquals(Assert.java:656)
at org.testng.Assert.assertEquals(Assert.java:666)
at stepDefs.GoogleSearch.i_should_see_search_results_for(GoogleSearch.java:37)
at ✽.I should see search results for "TestNg1 - Google Search"(file:///C:/Users/Venkatesh/git/seleniumTest/Seleniumtest/src/test/resources/Features/GoogleSearch.feature:14)
]]>
    </failure>
  </testcase> <!-- runScenario -->
  <testcase classname="io.cucumber.testng.AbstractTestNGCucumberTests" name="runScenario" time="153.65"/>
</testsuite> <!-- Default test -->
